<?xml version="1.0" encoding="UTF-8"?>
<!-- Generated by org.testng.reporters.JUnitReportReporter -->
<testsuite skipped="0" hostname="DESKTOP-QJGC2H1" name="com.testCases.TC_AddCustomerTest_003" tests="1" failures="0" timestamp="05 Sep 2022 10:30:27 GMT" time="62.345" errors="0">
  <testcase name="addNewCustomer" time="62.345" classname="com.testCases.TC_AddCustomerTest_003"/>
</testsuite> <!-- com.testCases.TC_AddCustomerTest_003 -->
