<?xml version="1.0" encoding="UTF-8"?>
<!-- Generated by org.testng.reporters.JUnitReportReporter -->
<testsuite skipped="0" hostname="DESKTOP-QJGC2H1" name="com.testCases.TC_LoginTest_001" tests="1" failures="0" timestamp="05 Sep 2022 10:30:27 GMT" time="10.094" errors="0">
  <testcase name="loginTest" time="10.094" classname="com.testCases.TC_LoginTest_001"/>
</testsuite> <!-- com.testCases.TC_LoginTest_001 -->
